<?xml version="1.0" encoding="UTF-8"?>
<!-- Generated by org.testng.reporters.JUnitReportReporter -->
<testsuite hostname="DESKTOP-NK2UH9G" failures="0" tests="14" name="testclasses.NewTest" time="64.082" errors="1" timestamp="2021-04-18T19:27:58 SGT" skipped="0">
  <testcase classname="testclasses.NewTest" name="testSubtractionForNumbersHavingTwoDecimalPlaces" time="7.812"/>
  <system-out/>
  <testcase classname="testclasses.NewTest" name="testSubtractionForNumbersHavingOneDecimalPlace" time="3.652"/>
  <system-out/>
  <testcase classname="testclasses.NewTest" name="testSubtractOpertionWithSubtractAsTheFirstOperation" time="3.414"/>
  <system-out/>
  <testcase classname="testclasses.NewTest" name="testDivisionFunctionality" time="3.283"/>
  <system-out/>
  <testcase classname="testclasses.NewTest" name="testSubtraction" time="2.784"/>
  <system-out/>
  <testcase classname="testclasses.NewTest" name="testMultiplicationFunctionality" time="3.006"/>
  <system-out/>
  <testcase classname="testclasses.NewTest" name="testDeletionFunctionalityWithMaximumDecimalPlaces" time="9.513"/>
  <system-out/>
  <testcase classname="testclasses.NewTest" name="testAddition" time="2.882"/>
  <system-out/>
  <testcase classname="testclasses.NewTest" name="testInvalidInputsSquareRootDivisionAndNine" time="3.106"/>
  <system-out/>
  <testcase classname="testclasses.NewTest" name="testAdditionFunctionalityWithMaximumDecimalPlaces" time="10.761">
    <error type="junit.framework.AssertionFailedError">
      <![CDATA[junit.framework.AssertionFailedError
at junit.framework.Assert.fail(Assert.java:47)
at junit.framework.Assert.assertTrue(Assert.java:20)
at junit.framework.Assert.assertTrue(Assert.java:27)
at testclasses.NewTest.testAdditionFunctionalityWithMaximumDecimalPlaces(NewTest.java:238)
at java.base/jdk.internal.reflect.NativeMethodAccessorImpl.invoke0(Native Method)
at java.base/jdk.internal.reflect.NativeMethodAccessorImpl.invoke(NativeMethodAccessorImpl.java:62)
at java.base/jdk.internal.reflect.DelegatingMethodAccessorImpl.invoke(DelegatingMethodAccessorImpl.java:43)
at java.base/java.lang.reflect.Method.invoke(Method.java:564)
at org.testng.internal.MethodInvocationHelper.invokeMethod(MethodInvocationHelper.java:133)
at org.testng.internal.TestInvoker.invokeMethod(TestInvoker.java:598)
at org.testng.internal.TestInvoker.invokeTestMethod(TestInvoker.java:173)
at org.testng.internal.MethodRunner.runInSequence(MethodRunner.java:46)
at org.testng.internal.TestInvoker$MethodInvocationAgent.invoke(TestInvoker.java:824)
at org.testng.internal.TestInvoker.invokeTestMethods(TestInvoker.java:146)
at org.testng.internal.TestMethodWorker.invokeTestMethods(TestMethodWorker.java:146)
at org.testng.internal.TestMethodWorker.run(TestMethodWorker.java:128)
at java.base/java.util.ArrayList.forEach(ArrayList.java:1510)
at org.testng.TestRunner.privateRun(TestRunner.java:794)
at org.testng.TestRunner.run(TestRunner.java:596)
at org.testng.SuiteRunner.runTest(SuiteRunner.java:377)
at org.testng.SuiteRunner.runSequentially(SuiteRunner.java:371)
at org.testng.SuiteRunner.privateRun(SuiteRunner.java:332)
at org.testng.SuiteRunner.run(SuiteRunner.java:276)
at org.testng.SuiteRunnerWorker.runSuite(SuiteRunnerWorker.java:53)
at org.testng.SuiteRunnerWorker.run(SuiteRunnerWorker.java:96)
at org.testng.TestNG.runSuitesSequentially(TestNG.java:1212)
at org.testng.TestNG.runSuitesLocally(TestNG.java:1134)
at org.testng.TestNG.runSuites(TestNG.java:1063)
at org.testng.TestNG.run(TestNG.java:1031)
at testclasses.App.main(App.java:19)
]]>
    </error>
  </testcase> <!-- testAdditionFunctionalityWithMaximumDecimalPlaces -->
  <system-out/>
  <testcase classname="testclasses.NewTest" name="testInvalidIputsTwoPointsAndEquals" time="3.639"/>
  <system-out/>
  <testcase classname="testclasses.NewTest" name="testBoundaryValueSubtractionForZero" time="3.160"/>
  <system-out/>
  <testcase classname="testclasses.NewTest" name="testInvalidIputsTwoPointsAndOneNumber" time="3.481"/>
  <system-out/>
  <testcase classname="testclasses.NewTest" name="testBoundaryValueAdditionForZero" time="3.589"/>
  <system-out/>
</testsuite> <!-- testclasses.NewTest -->
