<?xml version="1.0" encoding="UTF-8"?>
<!-- Generated by org.testng.reporters.JUnitReportReporter -->
<testsuite hostname="DESKTOP-NK2UH9G" failures="0" tests="1" name="Xendit.Selenium.OnlineCalculatorTest" time="0.015" errors="0" timestamp="2021-04-16T01:08:28 SGT" skipped="0">
  <testcase classname="Xendit.Selenium.OnlineCalculatorTest" name="f" time="0.015"/>
  <system-out/>
</testsuite> <!-- Xendit.Selenium.OnlineCalculatorTest -->
